<?xml version="1.0" encoding="UTF-8"?>
<!-- Generated by org.testng.reporters.JUnitXMLReporter -->
<testsuite ignored="0" hostname="DESKTOP-V1A4CHD" failures="0" tests="3" name="Surefire test" time="64.0" errors="0" timestamp="2025-01-11T19:31:55 IST">
  <testcase classname="hrmTest.AdminPageTest" name="UserManagment" time="7.181"/>
  <testcase classname="hrmTest.LoginPageTest" name="logotest" time="1.978"/>
  <testcase classname="hrmTest.LoginPageTest" name="LoginWithValid" time="3.235"/>
</testsuite> <!-- Surefire test -->
