<?xml version="1.0" encoding="UTF-8"?>
<testsuite xmlns:xsi="http://www.w3.org/2001/XMLSchema-instance" xsi:noNamespaceSchemaLocation="https://maven.apache.org/surefire/maven-surefire-plugin/xsd/surefire-test-report-3.0.xsd" version="3.0" name="TestSuite" time="66.953" tests="3" errors="0" skipped="0" failures="0">
  <properties>
[...]
</properties>
  <testcase name="UserManagment" classname="hrmTest.AdminPageTest" time="7.182">
    <system-out><![CDATA[[INFO ] 2025-01-11 19:31:16.494 [main] BaseTest - Chorme browser is selected
[INFO ] 2025-01-11 19:31:17.005 [main] BasePage - watting forBy.xpath: //input[@name='username']
[INFO ] 2025-01-11 19:31:17.038 [main] BasePage - watting forBy.xpath: //input[@name='username']
[INFO ] 2025-01-11 19:31:17.318 [main] BasePage - watting forBy.xpath: //input[@name='password']
[INFO ] 2025-01-11 19:31:17.353 [main] BasePage - watting forBy.xpath: //input[@name='password']
[INFO ] 2025-01-11 19:31:17.701 [main] BasePage - watting forBy.xpath: //button[@type='submit']
[INFO ] 2025-01-11 19:31:17.733 [main] BasePage - watting forBy.xpath: //button[@type='submit']
[INFO ] 2025-01-11 19:31:19.092 [main] BaseTest - login HRM portal
[INFO ] 2025-01-11 19:31:19.705 [main] BasePage - watting forBy.xpath: //a[contains(@href, '/web/index.php/admin/viewAdminModule')]
[INFO ] 2025-01-11 19:31:19.735 [main] BasePage - watting forBy.xpath: //a[contains(@href, '/web/index.php/admin/viewAdminModule')]
[INFO ] 2025-01-11 19:31:20.828 [main] BaseTest - click on admin portal
[INFO ] 2025-01-11 19:31:21.336 [main] BasePage - watting forBy.xpath: //li[@class ='oxd-topbar-body-nav-tab --parent --visited']
[INFO ] 2025-01-11 19:31:21.575 [main] BasePage - watting forBy.xpath: //a[contains(text(),'Users')]
[INFO ] 2025-01-11 19:31:21.711 [main] BasePage - watting forBy.xpath: //a[contains(text(),'Users')]
[INFO ] 2025-01-11 19:31:22.328 [main] BaseTest - click on user
[INFO ] 2025-01-11 19:31:22.913 [main] BasePage - watting forBy.xpath: //i[contains(@class,'bi-plus')]
[INFO ] 2025-01-11 19:31:22.913 [main] BasePage - Wating forBy.xpath: //i[contains(@class,'bi-plus')]
[INFO ] 2025-01-11 19:31:22.954 [main] BasePage - watting forBy.xpath: //i[contains(@class,'bi-plus')]
java.io.FileInputStream@1effd53c
[DEBUG] 2025-01-11 19:31:24.431 [main] PackageRelationshipCollection - Parsing relationship: /xl/_rels/workbook.xml.rels
[DEBUG] 2025-01-11 19:31:24.437 [main] PackageRelationshipCollection - Parsing relationship: /xl/worksheets/_rels/sheet1.xml.rels
[DEBUG] 2025-01-11 19:31:24.440 [main] PackageRelationshipCollection - Parsing relationship: /_rels/.rels
[INFO ] 2025-01-11 19:31:25.697 [main] BaseTest - test Data
[INFO ] 2025-01-11 19:31:25.757 [main] BasePage - watting forBy.xpath: //input[@placeholder ='Type for hints...']
[INFO ] 2025-01-11 19:31:25.788 [main] BasePage - watting forBy.xpath: //input[@placeholder ='Type for hints...']
[INFO ] 2025-01-11 19:31:25.966 [main] BasePage - Click on By.xpath: //input[@placeholder ='Type for hints...'] to send value
[INFO ] 2025-01-11 19:31:26.042 [main] BasePage - added Test
[INFO ] 2025-01-11 19:31:26.043 [main] BaseTest - employee name added
[INFO ] 2025-01-11 19:31:26.275 [main] BasePage - check role is not available.
[INFO ] 2025-01-11 19:31:26.276 [main] BaseTest - user role added
]]></system-out>
    <system-err><![CDATA[SLF4J(W): No SLF4J providers were found.
SLF4J(W): Defaulting to no-operation (NOP) logger implementation
SLF4J(W): See https://www.slf4j.org/codes.html#noProviders for further details.
]]></system-err>
  </testcase>
  <testcase name="logotest" classname="hrmTest.LoginPageTest" time="1.983">
    <system-out><![CDATA[[INFO ] 2025-01-11 19:31:38.131 [main] BaseTest - Chorme browser is selected
[INFO ] 2025-01-11 19:31:40.052 [main] BasePage - watting forBy.xpath: //img[@alt='company-branding']
logo visible
]]></system-out>
  </testcase>
  <testcase name="LoginWithValid" classname="hrmTest.LoginPageTest" time="3.233">
    <system-out><![CDATA[[INFO ] 2025-01-11 19:31:52.249 [main] BaseTest - Chorme browser is selected
[INFO ] 2025-01-11 19:31:53.417 [main] BasePage - watting forBy.xpath: //input[@name='username']
[INFO ] 2025-01-11 19:31:53.449 [main] BasePage - watting forBy.xpath: //input[@name='username']
[INFO ] 2025-01-11 19:31:53.686 [main] BasePage - watting forBy.xpath: //input[@name='password']
[INFO ] 2025-01-11 19:31:53.711 [main] BasePage - watting forBy.xpath: //input[@name='password']
[INFO ] 2025-01-11 19:31:53.922 [main] BasePage - watting forBy.xpath: //button[@type='submit']
[INFO ] 2025-01-11 19:31:53.952 [main] BasePage - watting forBy.xpath: //button[@type='submit']
]]></system-out>
  </testcase>
</testsuite>