<?xml version="1.0" encoding="UTF-8"?>
<testng-results ignored="0" total="3" passed="3" failed="0" skipped="0">
  <reporter-output>
  </reporter-output>
  <suite started-at="2025-01-11T19:30:51 IST" name="Surefire suite" finished-at="2025-01-11T19:31:55 IST" duration-ms="64000">
    <groups>
    </groups>
    <test started-at="2025-01-11T19:30:51 IST" name="Surefire test" finished-at="2025-01-11T19:31:55 IST" duration-ms="64000">
      <class name="hrmTest.AdminPageTest">
        <test-method is-config="true" signature="Initialise()[pri:0, instance:hrmTest.AdminPageTest@44d52de2]" started-at="2025-01-11T19:30:52 IST" name="Initialise" finished-at="2025-01-11T19:31:19 IST" duration-ms="27024" status="PASS">
          <reporter-output>
          </reporter-output>
        </test-method> <!-- Initialise -->
        <test-method signature="UserManagment()[pri:1, instance:hrmTest.AdminPageTest@44d52de2]" started-at="2025-01-11T19:31:19 IST" name="UserManagment" finished-at="2025-01-11T19:31:26 IST" duration-ms="7181" status="PASS">
          <reporter-output>
          </reporter-output>
        </test-method> <!-- UserManagment -->
      </class> <!-- hrmTest.AdminPageTest -->
      <class name="hrmTest.LoginPageTest">
        <test-method is-config="true" signature="lunch()[pri:0, instance:hrmTest.LoginPageTest@3e6104fc]" started-at="2025-01-11T19:31:26 IST" name="lunch" finished-at="2025-01-11T19:31:38 IST" duration-ms="11847" status="PASS">
          <reporter-output>
          </reporter-output>
        </test-method> <!-- lunch -->
        <test-method signature="logotest()[pri:1, instance:hrmTest.LoginPageTest@3e6104fc]" started-at="2025-01-11T19:31:38 IST" name="logotest" finished-at="2025-01-11T19:31:40 IST" duration-ms="1978" status="PASS">
          <reporter-output>
          </reporter-output>
        </test-method> <!-- logotest -->
        <test-method is-config="true" signature="quitejob()[pri:0, instance:hrmTest.LoginPageTest@3e6104fc]" started-at="2025-01-11T19:31:40 IST" name="quitejob" finished-at="2025-01-11T19:31:40 IST" duration-ms="663" status="PASS">
          <reporter-output>
          </reporter-output>
        </test-method> <!-- quitejob -->
        <test-method is-config="true" signature="lunch()[pri:0, instance:hrmTest.LoginPageTest@3e6104fc]" started-at="2025-01-11T19:31:40 IST" name="lunch" finished-at="2025-01-11T19:31:52 IST" duration-ms="11471" status="PASS">
          <reporter-output>
          </reporter-output>
        </test-method> <!-- lunch -->
        <test-method signature="LoginWithValid()[pri:2, instance:hrmTest.LoginPageTest@3e6104fc]" started-at="2025-01-11T19:31:52 IST" name="LoginWithValid" finished-at="2025-01-11T19:31:55 IST" duration-ms="3235" status="PASS">
          <reporter-output>
          </reporter-output>
        </test-method> <!-- LoginWithValid -->
        <test-method is-config="true" signature="quitejob()[pri:0, instance:hrmTest.LoginPageTest@3e6104fc]" started-at="2025-01-11T19:31:55 IST" name="quitejob" finished-at="2025-01-11T19:31:55 IST" duration-ms="496" status="PASS">
          <reporter-output>
          </reporter-output>
        </test-method> <!-- quitejob -->
      </class> <!-- hrmTest.LoginPageTest -->
    </test> <!-- Surefire test -->
  </suite> <!-- Surefire suite -->
</testng-results>
