<?xml version="1.0" encoding="UTF-8"?>
<testng-results ignored="0" total="1" passed="1" failed="0" skipped="0">
  <reporter-output>
  </reporter-output>
  <suite started-at="2025-01-13T00:00:35 IST" name="Default suite" finished-at="2025-01-13T00:01:08 IST" duration-ms="33486">
    <groups>
    </groups>
    <test started-at="2025-01-13T00:00:35 IST" name="Default test" finished-at="2025-01-13T00:01:08 IST" duration-ms="33486">
      <class name="hrmTest.AdminPageTest">
        <test-method is-config="true" signature="Initialise()[pri:0, instance:hrmTest.AdminPageTest@39655d3e]" started-at="2025-01-13T00:00:35 IST" name="Initialise" finished-at="2025-01-13T00:00:58 IST" duration-ms="22872" status="PASS">
          <reporter-output>
          </reporter-output>
        </test-method> <!-- Initialise -->
        <test-method signature="UserManagment()[pri:1, instance:hrmTest.AdminPageTest@39655d3e]" started-at="2025-01-13T00:00:58 IST" name="UserManagment" finished-at="2025-01-13T00:01:08 IST" duration-ms="10489" status="PASS">
          <reporter-output>
          </reporter-output>
        </test-method> <!-- UserManagment -->
      </class> <!-- hrmTest.AdminPageTest -->
    </test> <!-- Default test -->
  </suite> <!-- Default suite -->
</testng-results>
