<?xml version="1.0" encoding="UTF-8"?>
<!-- Generated by org.testng.reporters.JUnitReportReporter -->
<testsuite hostname="DESKTOP-V1A4CHD" failures="0" tests="2" name="hrmTest.LoginPageTest" time="19.859" errors="0" timestamp="2025-01-11T19:47:13 IST" skipped="0">
  <testcase classname="hrmTest.LoginPageTest" name="logotest" time="9.793"/>
  <system-out/>
  <testcase classname="hrmTest.LoginPageTest" name="LoginWithValid" time="10.066"/>
  <system-out/>
</testsuite> <!-- hrmTest.LoginPageTest -->
